# JRE version: OpenJDK Runtime Environment (11.0.9.1+1) (build 11.0.9.1+1-Ubuntu-0ubuntu1.20.04)
# Java VM: OpenJDK 64-Bit Server VM (11.0.9.1+1-Ubuntu-0ubuntu1.20.04, mixed mode, sharing, tiered, compressed oops, g1 gc, linux-amd64)
Heap:
 garbage-first heap   total 129024K, used 65690K [0x00000006c4800000, 0x0000000800000000)
  region size 1024K, 64 young (65536K), 8 survivors (8192K)
 Metaspace       used 2821K, capacity 5182K, committed 5504K, reserved 1056768K
  class space    used 290K, capacity 517K, committed 640K, reserved 1048576K
GC Heap History (14 events):
Event: 0,672 GC heap before
{Heap before GC invocations=0 (full 0):
 garbage-first heap   total 129024K, used 15048K [0x00000006c4800000, 0x0000000800000000)
  region size 1024K, 14 young (14336K), 0 survivors (0K)
 Metaspace       used 2682K, capacity 5118K, committed 5248K, reserved 1056768K
  class space    used 289K, capacity 517K, committed 640K, reserved 1048576K
}
Event: 0,691 GC heap after
{Heap after GC invocations=1 (full 0):
 garbage-first heap   total 129024K, used 3226K [0x00000006c4800000, 0x0000000800000000)
  region size 1024K, 2 young (2048K), 2 survivors (2048K)
 Metaspace       used 2682K, capacity 5118K, committed 5248K, reserved 1056768K
  class space    used 289K, capacity 517K, committed 640K, reserved 1048576K
}
Event: 6,154 GC heap before
{Heap before GC invocations=1 (full 0):
 garbage-first heap   total 129024K, used 76954K [0x00000006c4800000, 0x0000000800000000)
  region size 1024K, 74 young (75776K), 2 survivors (2048K)
 Metaspace       used 2719K, capacity 5118K, committed 5248K, reserved 1056768K
  class space    used 289K, capacity 517K, committed 640K, reserved 1048576K
}
Event: 6,163 GC heap after
{Heap after GC invocations=2 (full 0):
 garbage-first heap   total 129024K, used 4675K [0x00000006c4800000, 0x0000000800000000)
  region size 1024K, 4 young (4096K), 4 survivors (4096K)
 Metaspace       used 2719K, capacity 5118K, committed 5248K, reserved 1056768K
  class space    used 289K, capacity 517K, committed 640K, reserved 1048576K
}
Event: 10,078 GC heap before
{Heap before GC invocations=2 (full 0):
 garbage-first heap   total 129024K, used 76355K [0x00000006c4800000, 0x0000000800000000)
  region size 1024K, 74 young (75776K), 4 survivors (4096K)
 Metaspace       used 2740K, capacity 5118K, committed 5248K, reserved 1056768K
  class space    used 289K, capacity 517K, committed 640K, reserved 1048576K
}
Event: 10,102 GC heap after
{Heap after GC invocations=3 (full 0):
 garbage-first heap   total 129024K, used 6298K [0x00000006c4800000, 0x0000000800000000)
  region size 1024K, 5 young (5120K), 5 survivors (5120K)
 Metaspace       used 2740K, capacity 5118K, committed 5248K, reserved 1056768K
  class space    used 289K, capacity 517K, committed 640K, reserved 1048576K
}
Event: 16,067 GC heap before
{Heap before GC invocations=3 (full 0):
 garbage-first heap   total 129024K, used 76954K [0x00000006c4800000, 0x0000000800000000)
  region size 1024K, 74 young (75776K), 5 survivors (5120K)
 Metaspace       used 2805K, capacity 5182K, committed 5504K, reserved 1056768K
  class space    used 290K, capacity 517K, committed 640K, reserved 1048576K
}
Event: 16,074 GC heap after
{Heap after GC invocations=4 (full 0):
 garbage-first heap   total 129024K, used 3486K [0x00000006c4800000, 0x0000000800000000)
  region size 1024K, 3 young (3072K), 3 survivors (3072K)
 Metaspace       used 2805K, capacity 5182K, committed 5504K, reserved 1056768K
  class space    used 290K, capacity 517K, committed 640K, reserved 1048576K
}
Event: 19,657 GC heap before
{Heap before GC invocations=4 (full 0):
 garbage-first heap   total 129024K, used 76190K [0x00000006c4800000, 0x0000000800000000)
  region size 1024K, 74 young (75776K), 3 survivors (3072K)
 Metaspace       used 2812K, capacity 5182K, committed 5504K, reserved 1056768K
  class space    used 290K, capacity 517K, committed 640K, reserved 1048576K
}
Event: 19,664 GC heap after
{Heap after GC invocations=5 (full 0):
 garbage-first heap   total 129024K, used 3105K [0x00000006c4800000, 0x0000000800000000)
  region size 1024K, 2 young (2048K), 2 survivors (2048K)
 Metaspace       used 2812K, capacity 5182K, committed 5504K, reserved 1056768K
  class space    used 290K, capacity 517K, committed 640K, reserved 1048576K
}
Event: 22,561 GC heap before
{Heap before GC invocations=5 (full 0):
 garbage-first heap   total 129024K, used 76833K [0x00000006c4800000, 0x0000000800000000)
  region size 1024K, 74 young (75776K), 2 survivors (2048K)
 Metaspace       used 2821K, capacity 5182K, committed 5504K, reserved 1056768K
  class space    used 290K, capacity 517K, committed 640K, reserved 1048576K
}
Event: 22,570 GC heap after
{Heap after GC invocations=6 (full 0):
 garbage-first heap   total 129024K, used 5093K [0x00000006c4800000, 0x0000000800000000)
  region size 1024K, 4 young (4096K), 4 survivors (4096K)
 Metaspace       used 2821K, capacity 5182K, committed 5504K, reserved 1056768K
  class space    used 290K, capacity 517K, committed 640K, reserved 1048576K
}
Event: 28,309 GC heap before
{Heap before GC invocations=6 (full 0):
 garbage-first heap   total 129024K, used 76773K [0x00000006c4800000, 0x0000000800000000)
  region size 1024K, 74 young (75776K), 4 survivors (4096K)
 Metaspace       used 2821K, capacity 5182K, committed 5504K, reserved 1056768K
  class space    used 290K, capacity 517K, committed 640K, reserved 1048576K
}
Event: 28,331 GC heap after
{Heap after GC invocations=7 (full 0):
 garbage-first heap   total 129024K, used 9370K [0x00000006c4800000, 0x0000000800000000)
  region size 1024K, 8 young (8192K), 8 survivors (8192K)
 Metaspace       used 2821K, capacity 5182K, committed 5504K, reserved 1056768K
  class space    used 290K, capacity 517K, committed 640K, reserved 1048576K
}

