# JRE version: OpenJDK Runtime Environment (11.0.9.1+1) (build 11.0.9.1+1-Ubuntu-0ubuntu1.20.04)
# Java VM: OpenJDK 64-Bit Server VM (11.0.9.1+1-Ubuntu-0ubuntu1.20.04, mixed mode, sharing, tiered, compressed oops, g1 gc, linux-amd64)
Heap:
 garbage-first heap   total 676864K, used 273592K [0x0000000085400000, 0x0000000100000000)
  region size 1024K, 120 young (122880K), 4 survivors (4096K)
 Metaspace       used 5332K, capacity 6565K, committed 6912K, reserved 1056768K
  class space    used 490K, capacity 650K, committed 768K, reserved 1048576K
GC Heap History (20 events):
Event: 81,937 GC heap before
{Heap before GC invocations=50 (full 0):
 garbage-first heap   total 676864K, used 556437K [0x0000000085400000, 0x0000000100000000)
  region size 1024K, 396 young (405504K), 1 survivors (1024K)
 Metaspace       used 5278K, capacity 6562K, committed 6912K, reserved 1056768K
  class space    used 490K, capacity 650K, committed 768K, reserved 1048576K
}
Event: 81,938 GC heap after
{Heap after GC invocations=51 (full 0):
 garbage-first heap   total 676864K, used 155673K [0x0000000085400000, 0x0000000100000000)
  region size 1024K, 3 young (3072K), 3 survivors (3072K)
 Metaspace       used 5278K, capacity 6562K, committed 6912K, reserved 1056768K
  class space    used 490K, capacity 650K, committed 768K, reserved 1048576K
}
Event: 83,920 GC heap before
{Heap before GC invocations=51 (full 0):
 garbage-first heap   total 676864K, used 557081K [0x0000000085400000, 0x0000000100000000)
  region size 1024K, 396 young (405504K), 3 survivors (3072K)
 Metaspace       used 5280K, capacity 6562K, committed 6912K, reserved 1056768K
  class space    used 490K, capacity 650K, committed 768K, reserved 1048576K
}
Event: 83,922 GC heap after
{Heap after GC invocations=52 (full 0):
 garbage-first heap   total 676864K, used 158995K [0x0000000085400000, 0x0000000100000000)
  region size 1024K, 6 young (6144K), 6 survivors (6144K)
 Metaspace       used 5280K, capacity 6562K, committed 6912K, reserved 1056768K
  class space    used 490K, capacity 650K, committed 768K, reserved 1048576K
}
Event: 85,909 GC heap before
{Heap before GC invocations=52 (full 0):
 garbage-first heap   total 676864K, used 557331K [0x0000000085400000, 0x0000000100000000)
  region size 1024K, 396 young (405504K), 6 survivors (6144K)
 Metaspace       used 5282K, capacity 6562K, committed 6912K, reserved 1056768K
  class space    used 490K, capacity 650K, committed 768K, reserved 1048576K
}
Event: 85,917 GC heap after
{Heap after GC invocations=53 (full 0):
 garbage-first heap   total 676864K, used 187667K [0x0000000085400000, 0x0000000100000000)
  region size 1024K, 34 young (34816K), 34 survivors (34816K)
 Metaspace       used 5282K, capacity 6562K, committed 6912K, reserved 1056768K
  class space    used 490K, capacity 650K, committed 768K, reserved 1048576K
}
Event: 87,963 GC heap before
{Heap before GC invocations=53 (full 0):
 garbage-first heap   total 676864K, used 554259K [0x0000000085400000, 0x0000000100000000)
  region size 1024K, 393 young (402432K), 34 survivors (34816K)
 Metaspace       used 5283K, capacity 6563K, committed 6912K, reserved 1056768K
  class space    used 490K, capacity 650K, committed 768K, reserved 1048576K
}
Event: 87,967 GC heap after
{Heap after GC invocations=54 (full 0):
 garbage-first heap   total 676864K, used 167808K [0x0000000085400000, 0x0000000100000000)
  region size 1024K, 15 young (15360K), 15 survivors (15360K)
 Metaspace       used 5283K, capacity 6563K, committed 6912K, reserved 1056768K
  class space    used 490K, capacity 650K, committed 768K, reserved 1048576K
}
Event: 90,068 GC heap before
{Heap before GC invocations=54 (full 0):
 garbage-first heap   total 676864K, used 555904K [0x0000000085400000, 0x0000000100000000)
  region size 1024K, 395 young (404480K), 15 survivors (15360K)
 Metaspace       used 5283K, capacity 6563K, committed 6912K, reserved 1056768K
  class space    used 490K, capacity 650K, committed 768K, reserved 1048576K
}
Event: 90,076 GC heap after
{Heap after GC invocations=55 (full 0):
 garbage-first heap   total 676864K, used 190558K [0x0000000085400000, 0x0000000100000000)
  region size 1024K, 37 young (37888K), 37 survivors (37888K)
 Metaspace       used 5283K, capacity 6563K, committed 6912K, reserved 1056768K
  class space    used 490K, capacity 650K, committed 768K, reserved 1048576K
}
Event: 91,999 GC heap before
{Heap before GC invocations=55 (full 0):
 garbage-first heap   total 676864K, used 539742K [0x0000000085400000, 0x0000000100000000)
  region size 1024K, 379 young (388096K), 37 survivors (37888K)
 Metaspace       used 5296K, capacity 6563K, committed 6912K, reserved 1056768K
  class space    used 490K, capacity 650K, committed 768K, reserved 1048576K
}
Event: 92,001 GC heap after
{Heap after GC invocations=56 (full 0):
 garbage-first heap   total 676864K, used 155055K [0x0000000085400000, 0x0000000100000000)
  region size 1024K, 3 young (3072K), 3 survivors (3072K)
 Metaspace       used 5296K, capacity 6563K, committed 6912K, reserved 1056768K
  class space    used 490K, capacity 650K, committed 768K, reserved 1048576K
}
Event: 94,012 GC heap before
{Heap before GC invocations=56 (full 0):
 garbage-first heap   total 676864K, used 552367K [0x0000000085400000, 0x0000000100000000)
  region size 1024K, 392 young (401408K), 3 survivors (3072K)
 Metaspace       used 5297K, capacity 6563K, committed 6912K, reserved 1056768K
  class space    used 490K, capacity 650K, committed 768K, reserved 1048576K
}
Event: 94,018 GC heap after
{Heap after GC invocations=57 (full 0):
 garbage-first heap   total 676864K, used 180717K [0x0000000085400000, 0x0000000100000000)
  region size 1024K, 28 young (28672K), 28 survivors (28672K)
 Metaspace       used 5297K, capacity 6563K, committed 6912K, reserved 1056768K
  class space    used 490K, capacity 650K, committed 768K, reserved 1048576K
}
Event: 95,920 GC heap before
{Heap before GC invocations=57 (full 0):
 garbage-first heap   total 676864K, used 545261K [0x0000000085400000, 0x0000000100000000)
  region size 1024K, 385 young (394240K), 28 survivors (28672K)
 Metaspace       used 5301K, capacity 6563K, committed 6912K, reserved 1056768K
  class space    used 490K, capacity 650K, committed 768K, reserved 1048576K
}
Event: 95,922 GC heap after
{Heap after GC invocations=58 (full 0):
 garbage-first heap   total 676864K, used 157993K [0x0000000085400000, 0x0000000100000000)
  region size 1024K, 5 young (5120K), 5 survivors (5120K)
 Metaspace       used 5301K, capacity 6563K, committed 6912K, reserved 1056768K
  class space    used 490K, capacity 650K, committed 768K, reserved 1048576K
}
Event: 98,262 GC heap before
{Heap before GC invocations=58 (full 0):
 garbage-first heap   total 676864K, used 556329K [0x0000000085400000, 0x0000000100000000)
  region size 1024K, 395 young (404480K), 5 survivors (5120K)
 Metaspace       used 5319K, capacity 6563K, committed 6912K, reserved 1056768K
  class space    used 490K, capacity 650K, committed 768K, reserved 1048576K
}
Event: 98,268 GC heap after
{Heap after GC invocations=59 (full 0):
 garbage-first heap   total 676864K, used 181510K [0x0000000085400000, 0x0000000100000000)
  region size 1024K, 28 young (28672K), 28 survivors (28672K)
 Metaspace       used 5319K, capacity 6563K, committed 6912K, reserved 1056768K
  class space    used 490K, capacity 650K, committed 768K, reserved 1048576K
}
Event: 100,397 GC heap before
{Heap before GC invocations=59 (full 0):
 garbage-first heap   total 676864K, used 547078K [0x0000000085400000, 0x0000000100000000)
  region size 1024K, 386 young (395264K), 28 survivors (28672K)
 Metaspace       used 5332K, capacity 6565K, committed 6912K, reserved 1056768K
  class space    used 490K, capacity 650K, committed 768K, reserved 1048576K
}
Event: 100,400 GC heap after
{Heap after GC invocations=60 (full 0):
 garbage-first heap   total 676864K, used 156856K [0x0000000085400000, 0x0000000100000000)
  region size 1024K, 4 young (4096K), 4 survivors (4096K)
 Metaspace       used 5332K, capacity 6565K, committed 6912K, reserved 1056768K
  class space    used 490K, capacity 650K, committed 768K, reserved 1048576K
}

