# JRE version: OpenJDK Runtime Environment (11.0.9.1+1) (build 11.0.9.1+1-Ubuntu-0ubuntu1.20.04)
# Java VM: OpenJDK 64-Bit Server VM (11.0.9.1+1-Ubuntu-0ubuntu1.20.04, mixed mode, sharing, tiered, compressed oops, g1 gc, linux-amd64)
Heap:
 garbage-first heap   total 129024K, used 44318K [0x0000000703000000, 0x0000000800000000)
  region size 1024K, 42 young (43008K), 1 survivors (1024K)
 Metaspace       used 2803K, capacity 5182K, committed 5504K, reserved 1056768K
  class space    used 290K, capacity 517K, committed 640K, reserved 1048576K
GC Heap History (14 events):
Event: 0,571 GC heap before
{Heap before GC invocations=0 (full 0):
 garbage-first heap   total 129024K, used 15048K [0x0000000703000000, 0x0000000800000000)
  region size 1024K, 14 young (14336K), 0 survivors (0K)
 Metaspace       used 2664K, capacity 5118K, committed 5248K, reserved 1056768K
  class space    used 289K, capacity 517K, committed 640K, reserved 1048576K
}
Event: 0,588 GC heap after
{Heap after GC invocations=1 (full 0):
 garbage-first heap   total 129024K, used 3287K [0x0000000703000000, 0x0000000800000000)
  region size 1024K, 2 young (2048K), 2 survivors (2048K)
 Metaspace       used 2664K, capacity 5118K, committed 5248K, reserved 1056768K
  class space    used 289K, capacity 517K, committed 640K, reserved 1048576K
}
Event: 4,136 GC heap before
{Heap before GC invocations=1 (full 0):
 garbage-first heap   total 129024K, used 77015K [0x0000000703000000, 0x0000000800000000)
  region size 1024K, 74 young (75776K), 2 survivors (2048K)
 Metaspace       used 2702K, capacity 5118K, committed 5248K, reserved 1056768K
  class space    used 289K, capacity 517K, committed 640K, reserved 1048576K
}
Event: 4,145 GC heap after
{Heap after GC invocations=2 (full 0):
 garbage-first heap   total 129024K, used 4956K [0x0000000703000000, 0x0000000800000000)
  region size 1024K, 4 young (4096K), 4 survivors (4096K)
 Metaspace       used 2702K, capacity 5118K, committed 5248K, reserved 1056768K
  class space    used 289K, capacity 517K, committed 640K, reserved 1048576K
}
Event: 6,797 GC heap before
{Heap before GC invocations=2 (full 0):
 garbage-first heap   total 129024K, used 76636K [0x0000000703000000, 0x0000000800000000)
  region size 1024K, 74 young (75776K), 4 survivors (4096K)
 Metaspace       used 2721K, capacity 5118K, committed 5248K, reserved 1056768K
  class space    used 289K, capacity 517K, committed 640K, reserved 1048576K
}
Event: 6,807 GC heap after
{Heap after GC invocations=3 (full 0):
 garbage-first heap   total 129024K, used 7097K [0x0000000703000000, 0x0000000800000000)
  region size 1024K, 6 young (6144K), 6 survivors (6144K)
 Metaspace       used 2721K, capacity 5118K, committed 5248K, reserved 1056768K
  class space    used 289K, capacity 517K, committed 640K, reserved 1048576K
}
Event: 11,260 GC heap before
{Heap before GC invocations=3 (full 0):
 garbage-first heap   total 129024K, used 76729K [0x0000000703000000, 0x0000000800000000)
  region size 1024K, 74 young (75776K), 6 survivors (6144K)
 Metaspace       used 2787K, capacity 5182K, committed 5504K, reserved 1056768K
  class space    used 290K, capacity 517K, committed 640K, reserved 1048576K
}
Event: 11,268 GC heap after
{Heap after GC invocations=4 (full 0):
 garbage-first heap   total 129024K, used 3712K [0x0000000703000000, 0x0000000800000000)
  region size 1024K, 1 young (1024K), 1 survivors (1024K)
 Metaspace       used 2787K, capacity 5182K, committed 5504K, reserved 1056768K
  class space    used 290K, capacity 517K, committed 640K, reserved 1048576K
}
Event: 14,795 GC heap before
{Heap before GC invocations=4 (full 0):
 garbage-first heap   total 129024K, used 78464K [0x0000000703000000, 0x0000000800000000)
  region size 1024K, 74 young (75776K), 1 survivors (1024K)
 Metaspace       used 2794K, capacity 5182K, committed 5504K, reserved 1056768K
  class space    used 290K, capacity 517K, committed 640K, reserved 1048576K
}
Event: 14,796 GC heap after
{Heap after GC invocations=5 (full 0):
 garbage-first heap   total 129024K, used 3259K [0x0000000703000000, 0x0000000800000000)
  region size 1024K, 1 young (1024K), 1 survivors (1024K)
 Metaspace       used 2794K, capacity 5182K, committed 5504K, reserved 1056768K
  class space    used 290K, capacity 517K, committed 640K, reserved 1048576K
}
Event: 17,782 GC heap before
{Heap before GC invocations=5 (full 0):
 garbage-first heap   total 129024K, used 78011K [0x0000000703000000, 0x0000000800000000)
  region size 1024K, 74 young (75776K), 1 survivors (1024K)
 Metaspace       used 2803K, capacity 5182K, committed 5504K, reserved 1056768K
  class space    used 290K, capacity 517K, committed 640K, reserved 1048576K
}
Event: 17,786 GC heap after
{Heap after GC invocations=6 (full 0):
 garbage-first heap   total 129024K, used 6394K [0x0000000703000000, 0x0000000800000000)
  region size 1024K, 4 young (4096K), 4 survivors (4096K)
 Metaspace       used 2803K, capacity 5182K, committed 5504K, reserved 1056768K
  class space    used 290K, capacity 517K, committed 640K, reserved 1048576K
}
Event: 25,811 GC heap before
{Heap before GC invocations=6 (full 0):
 garbage-first heap   total 129024K, used 78074K [0x0000000703000000, 0x0000000800000000)
  region size 1024K, 74 young (75776K), 4 survivors (4096K)
 Metaspace       used 2803K, capacity 5182K, committed 5504K, reserved 1056768K
  class space    used 290K, capacity 517K, committed 640K, reserved 1048576K
}
Event: 25,812 GC heap after
{Heap after GC invocations=7 (full 0):
 garbage-first heap   total 129024K, used 3358K [0x0000000703000000, 0x0000000800000000)
  region size 1024K, 1 young (1024K), 1 survivors (1024K)
 Metaspace       used 2803K, capacity 5182K, committed 5504K, reserved 1056768K
  class space    used 290K, capacity 517K, committed 640K, reserved 1048576K
}

